<?xml version="1.0" encoding="UTF-8"?>
<testsuite xmlns:xsi="http://www.w3.org/2001/XMLSchema-instance" xsi:noNamespaceSchemaLocation="https://maven.apache.org/surefire/maven-surefire-plugin/xsd/surefire-test-report.xsd" name="TestSuite" time="0.349" tests="2" errors="0" skipped="0" failures="0">
  <properties>
    <property name="java.specification.version" value="14"/>
    <property name="sun.jnu.encoding" value="UTF-8"/>
    <property name="java.class.path" value="/Users/hiepluong/IdeaProjects/certATT/target/test-classes:/Users/hiepluong/IdeaProjects/certATT/target/classes:/Users/hiepluong/.m2/repository/junit/junit/4.11/junit-4.11.jar:/Users/hiepluong/.m2/repository/org/hamcrest/hamcrest-core/1.3/hamcrest-core-1.3.jar:/Users/hiepluong/.m2/repository/org/testng/testng/7.3.0/testng-7.3.0.jar:/Users/hiepluong/.m2/repository/org/apache/ant/ant/1.10.3/ant-1.10.3.jar:/Users/hiepluong/.m2/repository/org/apache/ant/ant-launcher/1.10.3/ant-launcher-1.10.3.jar:/Users/hiepluong/.m2/repository/com/google/inject/guice/4.2.2/guice-4.2.2-no_aop.jar:/Users/hiepluong/.m2/repository/javax/inject/javax.inject/1/javax.inject-1.jar:/Users/hiepluong/.m2/repository/aopalliance/aopalliance/1.0/aopalliance-1.0.jar:/Users/hiepluong/.m2/repository/com/google/guava/guava/25.1-android/guava-25.1-android.jar:/Users/hiepluong/.m2/repository/com/google/code/findbugs/jsr305/3.0.2/jsr305-3.0.2.jar:/Users/hiepluong/.m2/repository/org/checkerframework/checker-compat-qual/2.0.0/checker-compat-qual-2.0.0.jar:/Users/hiepluong/.m2/repository/com/google/errorprone/error_prone_annotations/2.1.3/error_prone_annotations-2.1.3.jar:/Users/hiepluong/.m2/repository/com/google/j2objc/j2objc-annotations/1.1/j2objc-annotations-1.1.jar:/Users/hiepluong/.m2/repository/org/codehaus/mojo/animal-sniffer-annotations/1.14/animal-sniffer-annotations-1.14.jar:/Users/hiepluong/.m2/repository/org/yaml/snakeyaml/1.21/snakeyaml-1.21.jar:/Users/hiepluong/.m2/repository/com/beust/jcommander/1.78/jcommander-1.78.jar:"/>
    <property name="java.vm.vendor" value="Oracle Corporation"/>
    <property name="sun.arch.data.model" value="64"/>
    <property name="java.vendor.url" value="https://java.oracle.com/"/>
    <property name="os.name" value="Mac OS X"/>
    <property name="java.vm.specification.version" value="14"/>
    <property name="sun.java.launcher" value="SUN_STANDARD"/>
    <property name="user.country" value="US"/>
    <property name="sun.boot.library.path" value="/Library/Java/JavaVirtualMachines/openjdk-14.0.1.jdk/Contents/Home/lib"/>
    <property name="sun.java.command" value="/Users/hiepluong/IdeaProjects/certATT/target/surefire/surefirebooter727907854740146561.jar /Users/hiepluong/IdeaProjects/certATT/target/surefire 2020-09-03T00-39-23_542-jvmRun1 surefire17840394504355319594tmp surefire_06709077661800951579tmp"/>
    <property name="http.nonProxyHosts" value="local|*.local|169.254/16|*.169.254/16"/>
    <property name="jdk.debug" value="release"/>
    <property name="surefire.test.class.path" value="/Users/hiepluong/IdeaProjects/certATT/target/test-classes:/Users/hiepluong/IdeaProjects/certATT/target/classes:/Users/hiepluong/.m2/repository/junit/junit/4.11/junit-4.11.jar:/Users/hiepluong/.m2/repository/org/hamcrest/hamcrest-core/1.3/hamcrest-core-1.3.jar:/Users/hiepluong/.m2/repository/org/testng/testng/7.3.0/testng-7.3.0.jar:/Users/hiepluong/.m2/repository/org/apache/ant/ant/1.10.3/ant-1.10.3.jar:/Users/hiepluong/.m2/repository/org/apache/ant/ant-launcher/1.10.3/ant-launcher-1.10.3.jar:/Users/hiepluong/.m2/repository/com/google/inject/guice/4.2.2/guice-4.2.2-no_aop.jar:/Users/hiepluong/.m2/repository/javax/inject/javax.inject/1/javax.inject-1.jar:/Users/hiepluong/.m2/repository/aopalliance/aopalliance/1.0/aopalliance-1.0.jar:/Users/hiepluong/.m2/repository/com/google/guava/guava/25.1-android/guava-25.1-android.jar:/Users/hiepluong/.m2/repository/com/google/code/findbugs/jsr305/3.0.2/jsr305-3.0.2.jar:/Users/hiepluong/.m2/repository/org/checkerframework/checker-compat-qual/2.0.0/checker-compat-qual-2.0.0.jar:/Users/hiepluong/.m2/repository/com/google/errorprone/error_prone_annotations/2.1.3/error_prone_annotations-2.1.3.jar:/Users/hiepluong/.m2/repository/com/google/j2objc/j2objc-annotations/1.1/j2objc-annotations-1.1.jar:/Users/hiepluong/.m2/repository/org/codehaus/mojo/animal-sniffer-annotations/1.14/animal-sniffer-annotations-1.14.jar:/Users/hiepluong/.m2/repository/org/yaml/snakeyaml/1.21/snakeyaml-1.21.jar:/Users/hiepluong/.m2/repository/com/beust/jcommander/1.78/jcommander-1.78.jar:"/>
    <property name="sun.cpu.endian" value="little"/>
    <property name="user.home" value="/Users/hiepluong"/>
    <property name="user.language" value="en"/>
    <property name="java.specification.vendor" value="Oracle Corporation"/>
    <property name="java.version.date" value="2020-04-14"/>
    <property name="java.home" value="/Library/Java/JavaVirtualMachines/openjdk-14.0.1.jdk/Contents/Home"/>
    <property name="file.separator" value="/"/>
    <property name="basedir" value="/Users/hiepluong/IdeaProjects/certATT"/>
    <property name="java.vm.compressedOopsMode" value="Zero based"/>
    <property name="line.separator" value="&#10;"/>
    <property name="java.specification.name" value="Java Platform API Specification"/>
    <property name="java.vm.specification.vendor" value="Oracle Corporation"/>
    <property name="surefire.real.class.path" value="/Users/hiepluong/IdeaProjects/certATT/target/surefire/surefirebooter727907854740146561.jar"/>
    <property name="sun.management.compiler" value="HotSpot 64-Bit Tiered Compilers"/>
    <property name="ftp.nonProxyHosts" value="local|*.local|169.254/16|*.169.254/16"/>
    <property name="java.runtime.version" value="14.0.1+7"/>
    <property name="user.name" value="hiepluong"/>
    <property name="path.separator" value=":"/>
    <property name="os.version" value="10.15.6"/>
    <property name="java.runtime.name" value="OpenJDK Runtime Environment"/>
    <property name="file.encoding" value="UTF-8"/>
    <property name="java.vm.name" value="OpenJDK 64-Bit Server VM"/>
    <property name="localRepository" value="/Users/hiepluong/.m2/repository"/>
    <property name="java.vendor.url.bug" value="https://bugreport.java.com/bugreport/"/>
    <property name="java.io.tmpdir" value="/var/folders/1r/9dh512d10sb0rzmng0qr_fkh0000gn/T/"/>
    <property name="idea.version" value="2020.2"/>
    <property name="java.version" value="14.0.1"/>
    <property name="user.dir" value="/Users/hiepluong/IdeaProjects/certATT"/>
    <property name="os.arch" value="x86_64"/>
    <property name="java.vm.specification.name" value="Java Virtual Machine Specification"/>
    <property name="java.library.path" value="/Users/hiepluong/Library/Java/Extensions:/Library/Java/Extensions:/Network/Library/Java/Extensions:/System/Library/Java/Extensions:/usr/lib/java:."/>
    <property name="java.vm.info" value="mixed mode, sharing"/>
    <property name="java.vendor" value="Oracle Corporation"/>
    <property name="java.vm.version" value="14.0.1+7"/>
    <property name="sun.io.unicode.encoding" value="UnicodeBig"/>
    <property name="socksNonProxyHosts" value="local|*.local|169.254/16|*.169.254/16"/>
    <property name="java.class.version" value="58.0"/>
  </properties>
  <testcase name="test" classname="com.hluong.certATT.Test001" time="0.003"/>
  <testcase name="shouldAnswerWithTrue on shouldAnswerWithTrue(com.hluong.certATT.AppTest)" classname="com.hluong.certATT.AppTest" time="0"/>
</testsuite>