<?xml version="1.0" encoding="UTF-8"?>
<!-- Generated by org.testng.reporters.JUnitReportReporter -->
<testsuite hostname="MBP15.attlocal.net" failures="0" tests="1" name="com.hluong.certATT.AppTest" time="0.004" errors="0" timestamp="2020-09-03T00:39:24 PDT" skipped="0">
  <testcase classname="com.hluong.certATT.AppTest" name="shouldAnswerWithTrue" time="0.004"/>
  <system-out/>
</testsuite> <!-- com.hluong.certATT.AppTest -->
